#
# There is insufficient memory for the Java Runtime Environment to continue.
# Native memory allocation (malloc) failed to allocate 1048576 bytes for AllocateHeap
# Possible reasons:
#   The system is out of physical RAM or swap space
#   In 32 bit mode, the process size limit was hit
# Possible solutions:
#   Reduce memory load on the system
#   Increase physical memory or swap space
#   Check if swap backing store is full
#   Use 64 bit Java on a 64 bit OS
#   Decrease Java heap size (-Xmx/-Xms)
#   Decrease number of Java threads
#   Decrease Java thread stack sizes (-Xss)
#   Set larger code cache with -XX:ReservedCodeCacheSize=
# This output file may be truncated or incomplete.
#
#  Out of Memory Error (memory/allocation.inline.hpp:61), pid=5816, tid=3864
#
# JRE version:  (8.0_91-b14) (build )
# Java VM: Java HotSpot(TM) 64-Bit Server VM (25.91-b14 mixed mode windows-amd64 compressed oops)
# Failed to write core dump. Minidumps are not enabled by default on client versions of Windows
#

---------------  T H R E A D  ---------------

Current thread (0x0000000002220800):  JavaThread "Unknown thread" [_thread_in_vm, id=3864, stack(0x0000000002120000,0x0000000002220000)]

Stack: [0x0000000002120000,0x0000000002220000]
[error occurred during error reporting (printing stack bounds), id 0xc0000005]

Native frames: (J=compiled Java code, j=interpreted, Vv=VM code, C=native code)


---------------  P R O C E S S  ---------------

Java Threads: ( => current thread )

Other Threads:

=>0x0000000002220800 (exited) JavaThread "Unknown thread" [_thread_in_vm, id=3864, stack(0x0000000002120000,0x0000000002220000)]

VM state:not at safepoint (normal execution)

VM Mutex/Monitor currently owned by a thread: None

Heap:
 PSYoungGen      total 38400K, used 665K [0x00000000d5e00000, 0x00000000d8880000, 0x0000000100000000)
  eden space 33280K, 2% used [0x00000000d5e00000,0x00000000d5ea6670,0x00000000d7e80000)
  from space 5120K, 0% used [0x00000000d8380000,0x00000000d8380000,0x00000000d8880000)
  to   space 5120K, 0% used [0x00000000d7e80000,0x00000000d7e80000,0x00000000d8380000)
 ParOldGen       total 87552K, used 0K [0x0000000081a00000, 0x0000000086f80000, 0x00000000d5e00000)
  object space 87552K, 0% used [0x0000000081a00000,0x0000000081a00000,0x0000000086f80000)
 Metaspace       used 746K, capacity 4480K, committed 4480K, reserved 1056768K
  class space    used 75K, capacity 384K, committed 384K, reserved 1048576K

Card table byte_map: [0x00000000116e0000,0x0000000011ae0000] byte_map_base: 0x00000000112d3000

Marking Bits: (ParMarkBitMap*) 0x0000000063ee2f70
 Begin Bits: [0x0000000012190000, 0x0000000014128000)
 End Bits:   [0x0000000014128000, 0x00000000160c0000)

Polling page: 0x0000000002080000

CodeCache: size=245760Kb used=328Kb max_used=328Kb free=245431Kb
 bounds [0x0000000002320000, 0x0000000002590000, 0x0000000011320000]
 total_blobs=58 nmethods=0 adapters=38
 compilation: enabled

Compilation events (0 events):
No events

GC Heap History (0 events):
No events

Deoptimization events (0 events):
No events

Internal exceptions (0 events):
No events

Events (10 events):
Event: 0.025 loading class java/lang/Short
Event: 0.025 loading class java/lang/Short done
Event: 0.025 loading class java/lang/Integer
Event: 0.025 loading class java/lang/Integer done
Event: 0.025 loading class java/lang/Long
Event: 0.025 loading class java/lang/Long done
Event: 0.026 loading class java/lang/NullPointerException
Event: 0.026 loading class java/lang/NullPointerException done
Event: 0.026 loading class java/lang/ArithmeticException
Event: 0.026 loading class java/lang/ArithmeticException done


Dynamic libraries:
0x00007ff6a8120000 - 0x00007ff6a8157000 	C:\Program Files\Java\jre1.8.0_91\bin\javaw.exe
0x00007ffbc40b0000 - 0x00007ffbc4271000 	C:\WINDOWS\SYSTEM32\ntdll.dll
0x00007ffbc1f10000 - 0x00007ffbc1fbd000 	C:\WINDOWS\system32\KERNEL32.DLL
0x00007ffbc0f80000 - 0x00007ffbc1168000 	C:\WINDOWS\system32\KERNELBASE.dll
0x00007ffbc1e00000 - 0x00007ffbc1ea7000 	C:\WINDOWS\system32\ADVAPI32.dll
0x00007ffbc3f00000 - 0x00007ffbc3f9d000 	C:\WINDOWS\system32\msvcrt.dll
0x00007ffbc1740000 - 0x00007ffbc179b000 	C:\WINDOWS\system32\sechost.dll
0x00007ffbc2660000 - 0x00007ffbc277c000 	C:\WINDOWS\system32\RPCRT4.dll
0x00007ffbc1900000 - 0x00007ffbc1a56000 	C:\WINDOWS\system32\USER32.dll
0x00007ffbc2010000 - 0x00007ffbc2196000 	C:\WINDOWS\system32\GDI32.dll
0x00007ffbaf870000 - 0x00007ffbafae4000 	C:\WINDOWS\WinSxS\amd64_microsoft.windows.common-controls_6595b64144ccf1df_6.0.10586.0_none_8c15ae12515e1c22\COMCTL32.dll
0x00007ffbc1a60000 - 0x00007ffbc1cdd000 	C:\WINDOWS\system32\combase.dll
0x00007ffbc0f10000 - 0x00007ffbc0f7a000 	C:\WINDOWS\system32\bcryptPrimitives.dll
0x00007ffbc1fd0000 - 0x00007ffbc200b000 	C:\WINDOWS\system32\IMM32.DLL
0x0000000063580000 - 0x0000000063652000 	C:\Program Files\Java\jre1.8.0_91\bin\msvcr100.dll
0x00000000636d0000 - 0x0000000063f63000 	C:\Program Files\Java\jre1.8.0_91\bin\server\jvm.dll
0x00007ffbc1ce0000 - 0x00007ffbc1ce8000 	C:\WINDOWS\system32\PSAPI.DLL
0x00007ffbbec90000 - 0x00007ffbbecb3000 	C:\WINDOWS\SYSTEM32\WINMM.dll
0x00007ffbb30e0000 - 0x00007ffbb30ea000 	C:\WINDOWS\SYSTEM32\VERSION.dll
0x00007ffbb5130000 - 0x00007ffbb5139000 	C:\WINDOWS\SYSTEM32\WSOCK32.dll
0x00007ffbc21c0000 - 0x00007ffbc222b000 	C:\WINDOWS\system32\WS2_32.dll
0x0000000002010000 - 0x000000000203c000 	C:\WINDOWS\SYSTEM32\WINMMBASE.dll
0x00007ffbc0810000 - 0x00007ffbc0853000 	C:\WINDOWS\system32\cfgmgr32.dll
0x00000000647c0000 - 0x00000000647cf000 	C:\Program Files\Java\jre1.8.0_91\bin\verify.dll
0x0000000064790000 - 0x00000000647b9000 	C:\Program Files\Java\jre1.8.0_91\bin\java.dll
0x0000000064770000 - 0x0000000064786000 	C:\Program Files\Java\jre1.8.0_91\bin\zip.dll

VM Arguments:
jvm_args: -Dfile.encoding=Cp1252 
java_command: Carrera
java_class_path (initial): C:\Users\EQUIPO\Desktop\workk\Carrera4x100\bin
Launcher Type: SUN_STANDARD

Environment Variables:
PATH=C:/Program Files/Java/jre1.8.0_91/bin/server;C:/Program Files/Java/jre1.8.0_91/bin;C:/Program Files/Java/jre1.8.0_91/lib/amd64;C:\ProgramData\Oracle\Java\javapath;C:\WINDOWS\system32;C:\WINDOWS;C:\WINDOWS\System32\Wbem;C:\WINDOWS\System32\WindowsPowerShell\v1.0\;C:\Program Files (x86)\Skype\Phone\;C:\Program Files\Microsoft SQL Server\Client SDK\ODBC\110\Tools\Binn\;C:\Program Files (x86)\Microsoft SQL Server\120\Tools\Binn\;C:\Program Files\Microsoft SQL Server\120\Tools\Binn\;C:\Program Files\Microsoft SQL Server\120\DTS\Binn\;C:\Program Files (x86)\Microsoft SQL Server\120\Tools\Binn\ManagementStudio\;C:\Program Files (x86)\Microsoft SQL Server\120\DTS\Binn\;c:\Program Files\Microsoft SQL Server\110\Tools\Binn\;c:\Program Files (x86)\Microsoft SQL Server\110\Tools\Binn\ManagementStudio\;c:\Program Files (x86)\Microsoft SQL Server\110\Tools\Binn\;c:\Program Files (x86)\Microsoft SQL Server\110\DTS\Binn\;C:\Users\EQUIPO\Desktop\eclipse;
USERNAME=EQUIPO
OS=Windows_NT
PROCESSOR_IDENTIFIER=Intel64 Family 6 Model 69 Stepping 1, GenuineIntel



---------------  S Y S T E M  ---------------

OS: Windows 10.0 , 64 bit Build 10586 (10.0.10586.0)

CPU:total 4 (2 cores per cpu, 2 threads per core) family 6 model 69 stepping 1, cmov, cx8, fxsr, mmx, sse, sse2, sse3, ssse3, sse4.1, sse4.2, popcnt, avx, avx2, aes, clmul, erms, lzcnt, ht, tsc, tscinvbit, bmi1, bmi2

Memory: 4k page, physical 8278296k(1718904k free), swap 8278296k(5312k free)

vm_info: Java HotSpot(TM) 64-Bit Server VM (25.91-b14) for windows-amd64 JRE (1.8.0_91-b14), built on Apr  1 2016 00:58:32 by "java_re" with MS VC++ 10.0 (VS2010)

time: Wed May 04 11:46:48 2016
elapsed time: 0 seconds (0d 0h 0m 0s)

